<?xml version="1.0" encoding="utf-8"?><testsuites name="pytest tests"><testsuite name="pytest" errors="0" failures="0" skipped="0" tests="24" time="13.822" timestamp="2026-08-27T13:48:28.266318+00:00" hostname="agent-env-a99b4cb5-f33f-4cf8-a33a-4cfcbc756426"><testcase classname="tests.backend_test" name="test_root" time="0.272" /><testcase classname="tests.backend_test" name="test_register" time="0.320" /><testcase classname="tests.backend_test" name="test_register_duplicate" time="0.106" /><testcase classname="tests.backend_test" name="test_login" time="0.321" /><testcase classname="tests.backend_test" name="test_login_wrong_password" time="0.324" /><testcase classname="tests.backend_test" name="test_me" time="0.101" /><testcase classname="tests.backend_test" name="test_me_unauthorized" time="0.096" /><testcase classname="tests.backend_test" name="test_list_concursos" time="0.112" /><testcase classname="tests.backend_test" name="test_get_concurso" time="0.104" /><testcase classname="tests.backend_test" name="test_get_concurso_404" time="0.105" /><testcase classname="tests.backend_test" name="test_list_disciplinas" time="0.097" /><testcase classname="tests.backend_test" name="test_onboarding" time="0.205" /><testcase classname="tests.backend_test" name="test_list_questoes" time="0.105" /><testcase classname="tests.backend_test" name="test_list_questoes_filter" time="0.091" /><testcase classname="tests.backend_test" name="test_answer_questao_correct" time="0.109" /><testcase classname="tests.backend_test" name="test_answer_questao_wrong" time="0.098" /><testcase classname="tests.backend_test" name="test_list_flashcards" time="0.109" /><testcase classname="tests.backend_test" name="test_flashcard_review_intervals" time="0.416" /><testcase classname="tests.backend_test" name="test_simulado_flow" time="0.222" /><testcase classname="tests.backend_test" name="test_simulados_historico" time="0.107" /><testcase classname="tests.backend_test" name="test_dashboard" time="0.091" /><testcase classname="tests.backend_test" name="test_chat_ask_portuguese" time="9.792" /><testcase classname="tests.backend_test" name="test_chat_history" time="0.101" /><testcase classname="tests.backend_test" name="test_logout" time="0.090" /></testsuite></testsuites>